[Fri Feb 27 20:34:33 IST 2026] Auto-commit watcher started. Watching: /Users/shivamkumarchaurasiya/ant/web-panel
[main 65d85f6] auto: 2026-02-27 20:34:33 — .auto_commit.log,auto_commit.sh
 Committer: Shivam Kumar Chaurasiya <shivamkumarchaurasiya@Shivams-MacBook-Air.local>
Your name and email address were configured automatically based
on your username and hostname. Please check that they are accurate.
You can suppress this message by setting them explicitly. Run the
following command and follow the instructions in your editor to edit
your configuration file:

    git config --global --edit

After doing this, you may fix the identity used for this commit with:

    git commit --amend --reset-author

 2 files changed, 33 insertions(+)
 create mode 100644 .auto_commit.log
 create mode 100755 auto_commit.sh
To https://github.com/gtawefuck/web-panel.git
   0906e53..65d85f6  main -> main
[Fri Feb 27 20:34:35 IST 2026] ✅ Pushed: auto: 2026-02-27 20:34:33 — .auto_commit.log,auto_commit.sh
[main 3fc53ea] auto: 2026-02-27 20:34:40 — .auto_commit.log
 Committer: Shivam Kumar Chaurasiya <shivamkumarchaurasiya@Shivams-MacBook-Air.local>
Your name and email address were configured automatically based
on your username and hostname. Please check that they are accurate.
You can suppress this message by setting them explicitly. Run the
following command and follow the instructions in your editor to edit
your configuration file:

    git config --global --edit

After doing this, you may fix the identity used for this commit with:

    git commit --amend --reset-author

 1 file changed, 20 insertions(+)
To https://github.com/gtawefuck/web-panel.git
   65d85f6..3fc53ea  main -> main
[Fri Feb 27 20:34:42 IST 2026] ✅ Pushed: auto: 2026-02-27 20:34:40 — .auto_commit.log
